<?xml version="1.0" encoding="UTF-8"?>
<!-- Generated by org.testng.reporters.JUnitReportReporter -->
<testsuite hostname="Shanti-Windows-Laptop" failures="0" tests="2" name="org.techArk.tests.login.ValidateLoginAPI_Functionality" time="5.354" errors="0" timestamp="2024-03-19T09:04:31 PDT" skipped="0">
  <testcase classname="org.techArk.tests.login.ValidateLoginAPI_Functionality" name="validateLoginWithValidCredentials" time="4.956"/>
  <system-out/>
  <testcase classname="org.techArk.tests.login.ValidateLoginAPI_Functionality" name="validateLoginWithInValidCredentials" time="0.398"/>
  <system-out/>
</testsuite> <!-- org.techArk.tests.login.ValidateLoginAPI_Functionality -->
