<?xml version="1.0" encoding="UTF-8"?>
<!-- Generated by org.testng.reporters.JUnitReportReporter -->
<testsuite hostname="Shanti-Windows-Laptop" failures="0" tests="1" name="org.github.tests.ValidateAddAndDeleteRepo_Functionality" time="2.535" errors="0" timestamp="2024-03-20T03:45:10 PDT" skipped="0">
  <testcase classname="org.github.tests.ValidateAddAndDeleteRepo_Functionality" name="validateCreateRepoFunctionality" time="2.535"/>
  <system-out/>
</testsuite> <!-- org.github.tests.ValidateAddAndDeleteRepo_Functionality -->
