<?xml version="1.0" encoding="UTF-8"?>
<!-- Generated by org.testng.reporters.JUnitReportReporter -->
<testsuite hostname="Shanti-Windows-Laptop" failures="0" tests="1" name="org.github.tests.ValidateAddUpdateDeleteRepo_Functionality" time="2.437" errors="0" timestamp="2024-03-20T08:49:09 PDT" skipped="0">
  <testcase classname="org.github.tests.ValidateAddUpdateDeleteRepo_Functionality" name="validateDeleteRepo_NonExistentRepo" time="2.437"/>
  <system-out/>
</testsuite> <!-- org.github.tests.ValidateAddUpdateDeleteRepo_Functionality -->
