<?xml version="1.0" encoding="UTF-8"?>
<!-- Generated by org.testng.reporters.JUnitReportReporter -->
<testsuite hostname="Shanti-Windows-Laptop" failures="0" tests="1" name="org.github.tests.ValidateGetRepo_Functionality" time="1.497" errors="0" timestamp="2024-03-19T21:57:36 PDT" skipped="0">
  <testcase classname="org.github.tests.ValidateGetRepo_Functionality" name="validateGetAllRepositories" time="1.497"/>
  <system-out/>
</testsuite> <!-- org.github.tests.ValidateGetRepo_Functionality -->
